<?xml version="1.0" encoding="UTF-8"?>
<!-- Generated by org.testng.reporters.JUnitReportReporter -->
<testsuite hostname="DESKTOP-7V8PP8U" failures="0" tests="3" name="com.birst.infor.Tests.AutomationTask" time="54.220" errors="0" timestamp="2021-04-15T19:58:32 IST" skipped="0">
  <testcase classname="com.birst.infor.Tests.AutomationTask" name="vefiryGooglePageTitleAndClickingOnBirstInforLink" time="30.121"/>
  <system-out/>
  <testcase classname="com.birst.infor.Tests.AutomationTask" name="verifyInforLogoOnPage" time="5.349"/>
  <system-out/>
  <testcase classname="com.birst.infor.Tests.AutomationTask" name="verifyNavigateToResourcePageAndValidateWebinarText" time="18.750"/>
  <system-out/>
</testsuite> <!-- com.birst.infor.Tests.AutomationTask -->
